Arguments: 
  /usr/local/bin/node /usr/local/Cellar/yarn/1.17.3/libexec/bin/yarn.js install

PATH: 
  /usr/local/bin:/usr/bin:/bin:/usr/sbin:/sbin

Yarn version: 
  1.17.3

Node version: 
  10.13.0

Platform: 
  darwin x64

Trace: 
  Error: EEXIST: file already exists, symlink '../../../node-pre-gyp/bin/node-pre-gyp' -> '/Users/ChotipatP/Documents/react-native/typescript-react-native-starter/node_modules/fsevents/node_modules/.bin/node-pre-gyp'

npm manifest: 
  {
    "main": "node_modules/expo/AppEntry.js",
    "scripts": {
      "start": "expo start",
      "android": "expo start --android",
      "ios": "expo start --ios",
      "web": "expo start --web",
      "eject": "expo eject"
    },
    "dependencies": {
      "expo": "~36.0.0",
      "react": "~16.9.0",
      "react-dom": "~16.9.0",
      "react-native": "https://github.com/expo/react-native/archive/sdk-36.0.0.tar.gz",
      "react-native-screens": "2.0.0-alpha.12",
      "react-native-web": "~0.11.7"
    },
    "devDependencies": {
      "@types/react": "~16.9.0",
      "@types/react-native": "~0.60.23",
      "@babel/core": "^7.0.0",
      "babel-preset-expo": "~8.0.0",
      "typescript": "~3.6.3"
    },
    "private": true
  }

yarn manifest: 
  No manifest

Lockfile: 
  No lockfile
